Performing C++ SOURCE FILE Test CMAKE_HAVE_LIBC_PTHREAD failed with the following output:
Change Dir: /home/alex/Documents/asio-example-main/build/CMakeFiles/CMakeTmp

Run Build Command(s):/usr/bin/gmake cmTC_da7b1/fast && /usr/bin/gmake -f CMakeFiles/cmTC_da7b1.dir/build.make CMakeFiles/cmTC_da7b1.dir/build
gmake[1]: Entering directory '/home/alex/Documents/asio-example-main/build/CMakeFiles/CMakeTmp'
Building CXX object CMakeFiles/cmTC_da7b1.dir/src.cxx.o
/bin/x86_64-linux-gnu-g++-10    -DCMAKE_HAVE_LIBC_PTHREAD   -std=gnu++2a -o CMakeFiles/cmTC_da7b1.dir/src.cxx.o -c /home/alex/Documents/asio-example-main/build/CMakeFiles/CMakeTmp/src.cxx
Linking CXX executable cmTC_da7b1
/usr/bin/cmake -E cmake_link_script CMakeFiles/cmTC_da7b1.dir/link.txt --verbose=1
/bin/x86_64-linux-gnu-g++-10    -DCMAKE_HAVE_LIBC_PTHREAD    CMakeFiles/cmTC_da7b1.dir/src.cxx.o  -o cmTC_da7b1 
/usr/bin/ld: CMakeFiles/cmTC_da7b1.dir/src.cxx.o: in function `main':
src.cxx:(.text+0x46): undefined reference to `pthread_create'
/usr/bin/ld: src.cxx:(.text+0x52): undefined reference to `pthread_detach'
/usr/bin/ld: src.cxx:(.text+0x63): undefined reference to `pthread_join'
collect2: error: ld returned 1 exit status
gmake[1]: *** [CMakeFiles/cmTC_da7b1.dir/build.make:87: cmTC_da7b1] Error 1
gmake[1]: Leaving directory '/home/alex/Documents/asio-example-main/build/CMakeFiles/CMakeTmp'
gmake: *** [Makefile:121: cmTC_da7b1/fast] Error 2


Source file was:
#include <pthread.h>

void* test_func(void* data)
{
  return data;
}

int main(void)
{
  pthread_t thread;
  pthread_create(&thread, NULL, test_func, NULL);
  pthread_detach(thread);
  pthread_join(thread, NULL);
  pthread_atfork(NULL, NULL, NULL);
  pthread_exit(NULL);

  return 0;
}

Determining if the function pthread_create exists in the pthreads failed with the following output:
Change Dir: /home/alex/Documents/asio-example-main/build/CMakeFiles/CMakeTmp

Run Build Command(s):/usr/bin/gmake cmTC_d6b68/fast && /usr/bin/gmake -f CMakeFiles/cmTC_d6b68.dir/build.make CMakeFiles/cmTC_d6b68.dir/build
gmake[1]: Entering directory '/home/alex/Documents/asio-example-main/build/CMakeFiles/CMakeTmp'
Building CXX object CMakeFiles/cmTC_d6b68.dir/CheckFunctionExists.cxx.o
/bin/x86_64-linux-gnu-g++-10    -DCHECK_FUNCTION_EXISTS=pthread_create   -std=gnu++2a -o CMakeFiles/cmTC_d6b68.dir/CheckFunctionExists.cxx.o -c /home/alex/Documents/asio-example-main/build/CMakeFiles/CheckLibraryExists/CheckFunctionExists.cxx
Linking CXX executable cmTC_d6b68
/usr/bin/cmake -E cmake_link_script CMakeFiles/cmTC_d6b68.dir/link.txt --verbose=1
/bin/x86_64-linux-gnu-g++-10    -DCHECK_FUNCTION_EXISTS=pthread_create    CMakeFiles/cmTC_d6b68.dir/CheckFunctionExists.cxx.o  -o cmTC_d6b68  -lpthreads 
/usr/bin/ld: cannot find -lpthreads
collect2: error: ld returned 1 exit status
gmake[1]: *** [CMakeFiles/cmTC_d6b68.dir/build.make:87: cmTC_d6b68] Error 1
gmake[1]: Leaving directory '/home/alex/Documents/asio-example-main/build/CMakeFiles/CMakeTmp'
gmake: *** [Makefile:121: cmTC_d6b68/fast] Error 2



